<?xml version="1.0" encoding="UTF-8"?>
<testng-results skipped="0" failed="0" ignored="0" total="1" passed="1">
  <reporter-output>
  </reporter-output>
  <suite name="Default suite" duration-ms="75749" started-at="2019-11-27T19:18:23Z" finished-at="2019-11-27T19:19:39Z">
    <groups>
    </groups>
    <test name="Default test" duration-ms="75749" started-at="2019-11-27T19:18:23Z" finished-at="2019-11-27T19:19:39Z">
      <class name="com.testcases.PerformTest">
        <test-method status="PASS" signature="setup()[pri:0, instance:com.testcases.PerformTest@18be83e4]" name="setup" is-config="true" duration-ms="16747" started-at="2019-11-28T00:48:23Z" finished-at="2019-11-28T00:48:40Z">
          <reporter-output>
          </reporter-output>
        </test-method> <!-- setup -->
        <test-method status="PASS" signature="CreateNotification()[pri:0, instance:com.testcases.PerformTest@18be83e4]" name="CreateNotification" duration-ms="58191" started-at="2019-11-28T00:48:40Z" finished-at="2019-11-28T00:49:38Z">
          <reporter-output>
          </reporter-output>
        </test-method> <!-- CreateNotification -->
        <test-method status="PASS" signature="tearDown()[pri:0, instance:com.testcases.PerformTest@18be83e4]" name="tearDown" is-config="true" duration-ms="780" started-at="2019-11-28T00:49:38Z" finished-at="2019-11-28T00:49:39Z">
          <reporter-output>
          </reporter-output>
        </test-method> <!-- tearDown -->
      </class> <!-- com.testcases.PerformTest -->
    </test> <!-- Default test -->
  </suite> <!-- Default suite -->
</testng-results>
